--- Placeholder Cleanup Log: 2025-06-28 19:39:05.026000 ---
Backup directory: C:/Users/maxde/OneDrive/Documents\trash\placeholder_cleanup_20250628_193905

Found 681 placeholder files
Removing 669 files (excluding keep list)

Backed up and deleted: C:/Users/maxde/OneDrive/Documents\core\advanced_drift_shell_integration.py
Backed up and deleted: C:/Users/maxde/OneDrive/Documents\core\advanced_mathematical_core.py
Backed up and deleted: C:/Users/maxde/OneDrive/Documents\core\advanced_test_harness.py
Backed up and deleted: C:/Users/maxde/OneDrive/Documents\core\ai_integration_bridge.py
Backed up and deleted: C:/Users/maxde/OneDrive/Documents\core\altitude_adjustment_math.py
Backed up and deleted: C:/Users/maxde/OneDrive/Documents\core\altitude_generator.py
Backed up and deleted: C:/Users/maxde/OneDrive/Documents\core\analysis_engine.py
Backed up and deleted: C:/Users/maxde/OneDrive/Documents\core\anomaly_filter_comprehensive.py
Backed up and deleted: C:/Users/maxde/OneDrive/Documents\core\api_bridge_manager.py
Backed up and deleted: C:/Users/maxde/OneDrive/Documents\core\api_gateway.py
Backed up and deleted: C:/Users/maxde/OneDrive/Documents\core\asic_logic_gate_foundation.py
Backed up and deleted: C:/Users/maxde/OneDrive/Documents\core\asset_substitution_matrix.py
Backed up and deleted: C:/Users/maxde/OneDrive/Documents\core\auto_scaler.py
Backed up and deleted: C:/Users/maxde/OneDrive/Documents\core\backchannel_memory_system.py
Backed up and deleted: C:/Users/maxde/OneDrive/Documents\core\backtest_injector.py
Backed up and deleted: C:/Users/maxde/OneDrive/Documents\core\basket_swapper.py
Backed up and deleted: C:/Users/maxde/OneDrive/Documents\core\basket_tensor_feedback.py
Backed up and deleted: C:/Users/maxde/OneDrive/Documents\core\beat_strength_analyzer.py
Backed up and deleted: C:/Users/maxde/OneDrive/Documents\core\behavior_pattern_tracker.py
Backed up and deleted: C:/Users/maxde/OneDrive/Documents\core\best_practices_enforcer.py
Backed up and deleted: C:/Users/maxde/OneDrive/Documents\core\bitcoin_mining_analyzer.py
Backed up and deleted: C:/Users/maxde/OneDrive/Documents\core\bitmap_engine.py
Backed up and deleted: C:/Users/maxde/OneDrive/Documents\core\bit_operations.py
Backed up and deleted: C:/Users/maxde/OneDrive/Documents\core\bit_phase_engine.py
Backed up and deleted: C:/Users/maxde/OneDrive/Documents\core\bit_phase_sequencer.py
Backed up and deleted: C:/Users/maxde/OneDrive/Documents\core\bit_resolution_engine.py
Backed up and deleted: C:/Users/maxde/OneDrive/Documents\core\bit_sequencer.py
Backed up and deleted: C:/Users/maxde/OneDrive/Documents\core\block_wave_transform.py
Backed up and deleted: C:/Users/maxde/OneDrive/Documents\core\braid_fractal.py
Backed up and deleted: C:/Users/maxde/OneDrive/Documents\core\braid_pattern_engine.py
Backed up and deleted: C:/Users/maxde/OneDrive/Documents\core\btc_data_processor.py
Backed up and deleted: C:/Users/maxde/OneDrive/Documents\core\btc_investment_ratio_controller.py
Backed up and deleted: C:/Users/maxde/OneDrive/Documents\core\btc_processor_controller.py
Backed up and deleted: C:/Users/maxde/OneDrive/Documents\core\btc_processor_ui.py
Backed up and deleted: C:/Users/maxde/OneDrive/Documents\core\btc_tick_matrix_initializer.py
Backed up and deleted: C:/Users/maxde/OneDrive/Documents\core\btc_usdc_router_relay.py
Backed up and deleted: C:/Users/maxde/OneDrive/Documents\core\btc_vector_aggregator.py
Backed up and deleted: C:/Users/maxde/OneDrive/Documents\core\btc_vector_processor.py
Backed up and deleted: C:/Users/maxde/OneDrive/Documents\core\bus_core.py
Backed up and deleted: C:/Users/maxde/OneDrive/Documents\core\bus_events.py
Backed up and deleted: C:/Users/maxde/OneDrive/Documents\core\capital_controls.py
Backed up and deleted: C:/Users/maxde/OneDrive/Documents\core\ccxt_execution_manager.py
Backed up and deleted: C:/Users/maxde/OneDrive/Documents\core\ccxt_profit_vectorizer.py
Backed up and deleted: C:/Users/maxde/OneDrive/Documents\core\checksum_verifier.py
Backed up and deleted: C:/Users/maxde/OneDrive/Documents\core\cluster_mapper.py
Backed up and deleted: C:/Users/maxde/OneDrive/Documents\core\coldbase_balt_system.py
Backed up and deleted: C:/Users/maxde/OneDrive/Documents\core\coldbase_bridge.py
Backed up and deleted: C:/Users/maxde/OneDrive/Documents\core\collapse_confidence.py
Backed up and deleted: C:/Users/maxde/OneDrive/Documents\core\collapse_engine.py
Backed up and deleted: C:/Users/maxde/OneDrive/Documents\core\component_registry.py
Backed up and deleted: C:/Users/maxde/OneDrive/Documents\core\comprehensive_english_mathematical_bridge.py
Backed up and deleted: C:/Users/maxde/OneDrive/Documents\core\compute_ghost_route.py
Backed up and deleted: C:/Users/maxde/OneDrive/Documents\core\conditional_glyph_feedback_loop.py
Backed up and deleted: C:/Users/maxde/OneDrive/Documents\core\config.py
Backed up and deleted: C:/Users/maxde/OneDrive/Documents\core\config_integration_system.py
Backed up and deleted: C:/Users/maxde/OneDrive/Documents\core\config_utils.py
Backed up and deleted: C:/Users/maxde/OneDrive/Documents\core\constants.py
Backed up and deleted: C:/Users/maxde/OneDrive/Documents\core\constraints.py
Backed up and deleted: C:/Users/maxde/OneDrive/Documents\core\cooldown_manager.py
Backed up and deleted: C:/Users/maxde/OneDrive/Documents\core\core_loop_manager.py
Backed up and deleted: C:/Users/maxde/OneDrive/Documents\core\create_anomaly_filter.py
Backed up and deleted: C:/Users/maxde/OneDrive/Documents\core\critical_error_handler.py
Backed up and deleted: C:/Users/maxde/OneDrive/Documents\core\crypto_mathematical_integration_bridge.py
Backed up and deleted: C:/Users/maxde/OneDrive/Documents\core\cursor_engine.py
Backed up and deleted: C:/Users/maxde/OneDrive/Documents\core\cycle_hash_tracker.py
Backed up and deleted: C:/Users/maxde/OneDrive/Documents\core\cyclic_core.py
Backed up and deleted: C:/Users/maxde/OneDrive/Documents\core\dashboard_integration.py
Backed up and deleted: C:/Users/maxde/OneDrive/Documents\core\data_feed_manager.py
Backed up and deleted: C:/Users/maxde/OneDrive/Documents\core\data_integration_layer.py
Backed up and deleted: C:/Users/maxde/OneDrive/Documents\core\data_provider.py
Backed up and deleted: C:/Users/maxde/OneDrive/Documents\core\demo_trading_system.py
Backed up and deleted: C:/Users/maxde/OneDrive/Documents\core\deterministic_value_engine.py
Backed up and deleted: C:/Users/maxde/OneDrive/Documents\core\dlt_waveform_engine.py
Backed up and deleted: C:/Users/maxde/OneDrive/Documents\core\dormant_engine.py
Backed up and deleted: C:/Users/maxde/OneDrive/Documents\core\drift_compensator.py
Backed up and deleted: C:/Users/maxde/OneDrive/Documents\core\drift_exit_detector.py
Backed up and deleted: C:/Users/maxde/OneDrive/Documents\core\drift_phase_monitor.py
Backed up and deleted: C:/Users/maxde/OneDrive/Documents\core\drift_shell_engine.py
Backed up and deleted: C:/Users/maxde/OneDrive/Documents\core\dual_error_handler.py
Backed up and deleted: C:/Users/maxde/OneDrive/Documents\core\dual_state_tracker.py
Backed up and deleted: C:/Users/maxde/OneDrive/Documents\core\echo_snapshot.py
Backed up and deleted: C:/Users/maxde/OneDrive/Documents\core\edge_vector_field.py
Backed up and deleted: C:/Users/maxde/OneDrive/Documents\core\emoji_bitpath_mapper.py
Backed up and deleted: C:/Users/maxde/OneDrive/Documents\core\emoji_symbolic_relay.py
Backed up and deleted: C:/Users/maxde/OneDrive/Documents\core\enhanced_backlog_integration_bridge.py
Backed up and deleted: C:/Users/maxde/OneDrive/Documents\core\enhanced_btc_integration_bridge.py
Backed up and deleted: C:/Users/maxde/OneDrive/Documents\core\enhanced_english_library_demo.py
Backed up and deleted: C:/Users/maxde/OneDrive/Documents\core\enhanced_fractal_core.py
Backed up and deleted: C:/Users/maxde/OneDrive/Documents\core\enhanced_gpu_hash_processor.py
Backed up and deleted: C:/Users/maxde/OneDrive/Documents\core\enhanced_hooks.py
Backed up and deleted: C:/Users/maxde/OneDrive/Documents\core\enhanced_risk_manager.py
Backed up and deleted: C:/Users/maxde/OneDrive/Documents\core\enhanced_tesseract_processor.py
Backed up and deleted: C:/Users/maxde/OneDrive/Documents\core\enhanced_thermal_aware_btc_processor.py
Backed up and deleted: C:/Users/maxde/OneDrive/Documents\core\enhanced_thermal_hash_processor.py
Backed up and deleted: C:/Users/maxde/OneDrive/Documents\core\enhanced_unified_mathematical_system.py
Backed up and deleted: C:/Users/maxde/OneDrive/Documents\core\enhanced_windows_cli_compatibility.py
Backed up and deleted: C:/Users/maxde/OneDrive/Documents\core\entropy_api_layer.py
Backed up and deleted: C:/Users/maxde/OneDrive/Documents\core\entropy_bridge.py
Backed up and deleted: C:/Users/maxde/OneDrive/Documents\core\entropy_engine.py
Backed up and deleted: C:/Users/maxde/OneDrive/Documents\core\entropy_flattener.py
Backed up and deleted: C:/Users/maxde/OneDrive/Documents\core\entropy_tracker.py
Backed up and deleted: C:/Users/maxde/OneDrive/Documents\core\entropy_validator.py
Backed up and deleted: C:/Users/maxde/OneDrive/Documents\core\entry_exit_vector.py
Backed up and deleted: C:/Users/maxde/OneDrive/Documents\core\entry_exit_vector_analyzer.py
Backed up and deleted: C:/Users/maxde/OneDrive/Documents\core\entry_gate.py
Backed up and deleted: C:/Users/maxde/OneDrive/Documents\core\environment_manager.py
Backed up and deleted: C:/Users/maxde/OneDrive/Documents\core\error_analysis_and_fix_strategy.py
Backed up and deleted: C:/Users/maxde/OneDrive/Documents\core\error_handler.py
Backed up and deleted: C:/Users/maxde/OneDrive/Documents\core\error_handling_pipeline.py
Backed up and deleted: C:/Users/maxde/OneDrive/Documents\core\error_sanitizer.py
Backed up and deleted: C:/Users/maxde/OneDrive/Documents\core\event_impact_mapper.py
Backed up and deleted: C:/Users/maxde/OneDrive/Documents\core\event_matrix_integration_bridge.py
Backed up and deleted: C:/Users/maxde/OneDrive/Documents\core\evolution_engine.py
Backed up and deleted: C:/Users/maxde/OneDrive/Documents\core\exchange_plumbing.py
Backed up and deleted: C:/Users/maxde/OneDrive/Documents\core\execute_wholesale_correction.py
Backed up and deleted: C:/Users/maxde/OneDrive/Documents\core\execution_types.py
Backed up and deleted: C:/Users/maxde/OneDrive/Documents\core\exec_packet.py
Backed up and deleted: C:/Users/maxde/OneDrive/Documents\core\export_vector_snapshot.py
Backed up and deleted: C:/Users/maxde/OneDrive/Documents\core\fallback_logic_router.py
Backed up and deleted: C:/Users/maxde/OneDrive/Documents\core\fault_bus.py
Backed up and deleted: C:/Users/maxde/OneDrive/Documents\core\ferris_rde_core.py
Backed up and deleted: C:/Users/maxde/OneDrive/Documents\core\ferris_wheel_scheduler.py
Backed up and deleted: C:/Users/maxde/OneDrive/Documents\core\filtered_allocation_gate.py
Backed up and deleted: C:/Users/maxde/OneDrive/Documents\core\filters.py
Backed up and deleted: C:/Users/maxde/OneDrive/Documents\core\flake8_cleanup_system.py
Backed up and deleted: C:/Users/maxde/OneDrive/Documents\core\flake8_positional_corrector.py
Backed up and deleted: C:/Users/maxde/OneDrive/Documents\core\flask_network_coordinator.py
Backed up and deleted: C:/Users/maxde/OneDrive/Documents\core\flux_compensator.py
Backed up and deleted: C:/Users/maxde/OneDrive/Documents\core\fractal_core.py
Backed up and deleted: C:/Users/maxde/OneDrive/Documents\core\function_patterns.py
Backed up and deleted: C:/Users/maxde/OneDrive/Documents\core\future_corridor_engine.py
Backed up and deleted: C:/Users/maxde/OneDrive/Documents\core\future_hooks.py
Backed up and deleted: C:/Users/maxde/OneDrive/Documents\core\gan_anomaly_filter.py
Backed up and deleted: C:/Users/maxde/OneDrive/Documents\core\gan_filter.py
Backed up and deleted: C:/Users/maxde/OneDrive/Documents\core\genesis_core.py
Backed up and deleted: C:/Users/maxde/OneDrive/Documents\core\ghost_architecture_btc_profit_handoff.py
Backed up and deleted: C:/Users/maxde/OneDrive/Documents\core\ghost_conditionals.py
Backed up and deleted: C:/Users/maxde/OneDrive/Documents\core\ghost_data_recovery.py
Backed up and deleted: C:/Users/maxde/OneDrive/Documents\core\ghost_decay.py
Backed up and deleted: C:/Users/maxde/OneDrive/Documents\core\ghost_field_stabilizer.py
Backed up and deleted: C:/Users/maxde/OneDrive/Documents\core\ghost_hash_decoder.py
Backed up and deleted: C:/Users/maxde/OneDrive/Documents\core\ghost_memory.py
Backed up and deleted: C:/Users/maxde/OneDrive/Documents\core\ghost_memory_router.py
Backed up and deleted: C:/Users/maxde/OneDrive/Documents\core\ghost_meta_layer_engine.py
Backed up and deleted: C:/Users/maxde/OneDrive/Documents\core\ghost_news_glyph_map.py
Backed up and deleted: C:/Users/maxde/OneDrive/Documents\core\ghost_news_vectorizer.py
Backed up and deleted: C:/Users/maxde/OneDrive/Documents\core\ghost_phase_integrator.py
Backed up and deleted: C:/Users/maxde/OneDrive/Documents\core\ghost_phase_strategy_loader.py
Backed up and deleted: C:/Users/maxde/OneDrive/Documents\core\ghost_pipeline.py
Backed up and deleted: C:/Users/maxde/OneDrive/Documents\core\ghost_profit_tracker.py
Backed up and deleted: C:/Users/maxde/OneDrive/Documents\core\ghost_router.py
Backed up and deleted: C:/Users/maxde/OneDrive/Documents\core\ghost_shadow_tracker.py
Backed up and deleted: C:/Users/maxde/OneDrive/Documents\core\ghost_signal.py
Backed up and deleted: C:/Users/maxde/OneDrive/Documents\core\ghost_signal_types.py
Backed up and deleted: C:/Users/maxde/OneDrive/Documents\core\ghost_strategy_handler.py
Backed up and deleted: C:/Users/maxde/OneDrive/Documents\core\ghost_strategy_integration.py
Backed up and deleted: C:/Users/maxde/OneDrive/Documents\core\ghost_strategy_integrator.py
Backed up and deleted: C:/Users/maxde/OneDrive/Documents\core\ghost_strategy_matrix.py
Backed up and deleted: C:/Users/maxde/OneDrive/Documents\core\ghost_swap_vector.py
Backed up and deleted: C:/Users/maxde/OneDrive/Documents\core\ghost_trigger.py
Backed up and deleted: C:/Users/maxde/OneDrive/Documents\core\ghost_trigger_map.py
Backed up and deleted: C:/Users/maxde/OneDrive/Documents\core\glyph_hysteresis.py
Backed up and deleted: C:/Users/maxde/OneDrive/Documents\core\glyph_math_core.py
Backed up and deleted: C:/Users/maxde/OneDrive/Documents\core\glyph_news_parser.py
Backed up and deleted: C:/Users/maxde/OneDrive/Documents\core\glyph_phase_anchor.py
Backed up and deleted: C:/Users/maxde/OneDrive/Documents\core\glyph_vector_executor.py
Backed up and deleted: C:/Users/maxde/OneDrive/Documents\core\gpt_command_layer.py
Backed up and deleted: C:/Users/maxde/OneDrive/Documents\core\gpt_command_layer_simple.py
Backed up and deleted: C:/Users/maxde/OneDrive/Documents\core\gpu_fallback_manager.py
Backed up and deleted: C:/Users/maxde/OneDrive/Documents\core\gpu_flash_engine.py
Backed up and deleted: C:/Users/maxde/OneDrive/Documents\core\gpu_metrics.py
Backed up and deleted: C:/Users/maxde/OneDrive/Documents\core\gpu_offload_manager.py
Backed up and deleted: C:/Users/maxde/OneDrive/Documents\core\gpu_variance_limiter.py
Backed up and deleted: C:/Users/maxde/OneDrive/Documents\core\hardware_self_identifier.py
Backed up and deleted: C:/Users/maxde/OneDrive/Documents\core\hash_affinity_vault.py
Backed up and deleted: C:/Users/maxde/OneDrive/Documents\core\hash_command_validator.py
Backed up and deleted: C:/Users/maxde/OneDrive/Documents\core\hash_confidence_evaluator.py
Backed up and deleted: C:/Users/maxde/OneDrive/Documents\core\hash_phase_switch.py
Backed up and deleted: C:/Users/maxde/OneDrive/Documents\core\hash_profit_matrix.py
Backed up and deleted: C:/Users/maxde/OneDrive/Documents\core\hash_recollection.py
Backed up and deleted: C:/Users/maxde/OneDrive/Documents\core\hash_registry.py
Backed up and deleted: C:/Users/maxde/OneDrive/Documents\core\hash_registry_core.py
Backed up and deleted: C:/Users/maxde/OneDrive/Documents\core\hash_registry_manager.py
Backed up and deleted: C:/Users/maxde/OneDrive/Documents\core\hash_registry_storage.py
Backed up and deleted: C:/Users/maxde/OneDrive/Documents\core\hash_repair_engine.py
Backed up and deleted: C:/Users/maxde/OneDrive/Documents\core\hash_tick_synchronizer.py
Backed up and deleted: C:/Users/maxde/OneDrive/Documents\core\hash_trigger_engine.py
Backed up and deleted: C:/Users/maxde/OneDrive/Documents\core\hash_trigger_mapper.py
Backed up and deleted: C:/Users/maxde/OneDrive/Documents\core\high_frequency_btc_trading_processor.py
Backed up and deleted: C:/Users/maxde/OneDrive/Documents\core\high_frequency_zero_hangup_engine.py
Backed up and deleted: C:/Users/maxde/OneDrive/Documents\core\historical_ledger_manager.py
Backed up and deleted: C:/Users/maxde/OneDrive/Documents\core\hooks.py
Backed up and deleted: C:/Users/maxde/OneDrive/Documents\core\hybrid_optimization_manager.py
Backed up and deleted: C:/Users/maxde/OneDrive/Documents\core\import_resolver.py
Backed up and deleted: C:/Users/maxde/OneDrive/Documents\core\inject_demo_ledger.py
Backed up and deleted: C:/Users/maxde/OneDrive/Documents\core\integrated_alif_aleph_system.py
Backed up and deleted: C:/Users/maxde/OneDrive/Documents\core\integrated_ferris_glyph_controller.py
Backed up and deleted: C:/Users/maxde/OneDrive/Documents\core\integrated_pathway_test_suite.py
Backed up and deleted: C:/Users/maxde/OneDrive/Documents\core\integrated_profit_correlation_system.py
Backed up and deleted: C:/Users/maxde/OneDrive/Documents\core\integration_orchestrator.py
Backed up and deleted: C:/Users/maxde/OneDrive/Documents\core\integration_test.py
Backed up and deleted: C:/Users/maxde/OneDrive/Documents\core\interlinked_mathematical_cores.py
Backed up and deleted: C:/Users/maxde/OneDrive/Documents\core\klein_bottle_integrator.py
Backed up and deleted: C:/Users/maxde/OneDrive/Documents\core\lantern_core.py
Backed up and deleted: C:/Users/maxde/OneDrive/Documents\core\lantern_hash_echo.py
Backed up and deleted: C:/Users/maxde/OneDrive/Documents\core\lantern_news_intelligence_bridge.py
Backed up and deleted: C:/Users/maxde/OneDrive/Documents\core\lantern_trigger.py
Backed up and deleted: C:/Users/maxde/OneDrive/Documents\core\lantern_trigger_validator.py
Backed up and deleted: C:/Users/maxde/OneDrive/Documents\core\lantern_vector_memory.py
Backed up and deleted: C:/Users/maxde/OneDrive/Documents\core\lattice_wave_math.py
Backed up and deleted: C:/Users/maxde/OneDrive/Documents\core\line_render_engine.py
Backed up and deleted: C:/Users/maxde/OneDrive/Documents\core\lockout_matrix.py
Backed up and deleted: C:/Users/maxde/OneDrive/Documents\core\long_horizon_simulation.py
Backed up and deleted: C:/Users/maxde/OneDrive/Documents\core\magic_number_optimization_engine.py
Backed up and deleted: C:/Users/maxde/OneDrive/Documents\core\main.py
Backed up and deleted: C:/Users/maxde/OneDrive/Documents\core\main_orcestrator.py
Backed up and deleted: C:/Users/maxde/OneDrive/Documents\core\master_orchestrator.py
Backed up and deleted: C:/Users/maxde/OneDrive/Documents\core\mathematical_character_converter.py
Backed up and deleted: C:/Users/maxde/OneDrive/Documents\core\mathematical_consciousness_bridge.py
Backed up and deleted: C:/Users/maxde/OneDrive/Documents\core\mathematical_context_finalizer.py
Backed up and deleted: C:/Users/maxde/OneDrive/Documents\core\mathematical_integration_mapping.py
Backed up and deleted: C:/Users/maxde/OneDrive/Documents\core\mathematical_integration_validator.py
Backed up and deleted: C:/Users/maxde/OneDrive/Documents\core\mathematical_intelligence_relay.py
Backed up and deleted: C:/Users/maxde/OneDrive/Documents\core\mathematical_optimization_bridge.py
Backed up and deleted: C:/Users/maxde/OneDrive/Documents\core\mathematical_pipeline_validator.py
Backed up and deleted: C:/Users/maxde/OneDrive/Documents\core\mathematical_pipeline_validator_simple.py
Backed up and deleted: C:/Users/maxde/OneDrive/Documents\core\mathematical_preservation_audit.py
Backed up and deleted: C:/Users/maxde/OneDrive/Documents\core\mathematical_validation_suite.py
Backed up and deleted: C:/Users/maxde/OneDrive/Documents\core\mathlib.py
Backed up and deleted: C:/Users/maxde/OneDrive/Documents\core\mathlib_positional_state_system.py
Backed up and deleted: C:/Users/maxde/OneDrive/Documents\core\mathlib_v2.py
Backed up and deleted: C:/Users/maxde/OneDrive/Documents\core\mathlib_v3.py
Backed up and deleted: C:/Users/maxde/OneDrive/Documents\core\mathlib_v4.py
Backed up and deleted: C:/Users/maxde/OneDrive/Documents\core\math_core.py
Backed up and deleted: C:/Users/maxde/OneDrive/Documents\core\matrix_allocator.py
Backed up and deleted: C:/Users/maxde/OneDrive/Documents\core\matrix_basket_loader.py
Backed up and deleted: C:/Users/maxde/OneDrive/Documents\core\matrix_delta_reverser.py
Backed up and deleted: C:/Users/maxde/OneDrive/Documents\core\matrix_fault_resolver.py
Backed up and deleted: C:/Users/maxde/OneDrive/Documents\core\matrix_mapper.py
Backed up and deleted: C:/Users/maxde/OneDrive/Documents\core\matrix_overlay.py
Backed up and deleted: C:/Users/maxde/OneDrive/Documents\core\matrix_overlay_backup.py
Backed up and deleted: C:/Users/maxde/OneDrive/Documents\core\matrix_overlay_engine.py
Backed up and deleted: C:/Users/maxde/OneDrive/Documents\core\memory_agent.py
Backed up and deleted: C:/Users/maxde/OneDrive/Documents\core\memory_agent_ghost_meta_engine.py
Backed up and deleted: C:/Users/maxde/OneDrive/Documents\core\memory_allocation_manager.py
Backed up and deleted: C:/Users/maxde/OneDrive/Documents\core\memory_cache_bridge.py
Backed up and deleted: C:/Users/maxde/OneDrive/Documents\core\memory_drift_corrector.py
Backed up and deleted: C:/Users/maxde/OneDrive/Documents\core\memory_map.py
Backed up and deleted: C:/Users/maxde/OneDrive/Documents\core\memory_timing_orchestrator.py
Backed up and deleted: C:/Users/maxde/OneDrive/Documents\core\memory_vault.py
Backed up and deleted: C:/Users/maxde/OneDrive/Documents\core\meta_layer_ghost_bridge.py
Backed up and deleted: C:/Users/maxde/OneDrive/Documents\core\model_predictor.py
Backed up and deleted: C:/Users/maxde/OneDrive/Documents\core\mode_manager.py
Backed up and deleted: C:/Users/maxde/OneDrive/Documents\core\multi_bit_btc_processor.py
Backed up and deleted: C:/Users/maxde/OneDrive/Documents\core\ncco_manager.py
Backed up and deleted: C:/Users/maxde/OneDrive/Documents\core\news_api_endpoints.py
Backed up and deleted: C:/Users/maxde/OneDrive/Documents\core\news_intelligence_engine.py
Backed up and deleted: C:/Users/maxde/OneDrive/Documents\core\news_lantern_integration_api.py
Backed up and deleted: C:/Users/maxde/OneDrive/Documents\core\news_lantern_mathematical_integration.py
Backed up and deleted: C:/Users/maxde/OneDrive/Documents\core\news_profit_api_endpoints.py
Backed up and deleted: C:/Users/maxde/OneDrive/Documents\core\news_profit_mathematical_bridge.py
Backed up and deleted: C:/Users/maxde/OneDrive/Documents\core\news_quant_field.py
Backed up and deleted: C:/Users/maxde/OneDrive/Documents\core\news_sentiment_interpreter.py
Backed up and deleted: C:/Users/maxde/OneDrive/Documents\core\observer_solution.py
Backed up and deleted: C:/Users/maxde/OneDrive/Documents\core\ops_observability.py
Backed up and deleted: C:/Users/maxde/OneDrive/Documents\core\optimization_engine.py
Backed up and deleted: C:/Users/maxde/OneDrive/Documents\core\optimized_constants_wrapper.py
Backed up and deleted: C:/Users/maxde/OneDrive/Documents\core\orbital_profit_navigator.py
Backed up and deleted: C:/Users/maxde/OneDrive/Documents\core\oscillator_fallback.py
Backed up and deleted: C:/Users/maxde/OneDrive/Documents\core\pattern_match_display.py
Backed up and deleted: C:/Users/maxde/OneDrive/Documents\core\pattern_utils.py
Backed up and deleted: C:/Users/maxde/OneDrive/Documents\core\performance_monitor.py
Backed up and deleted: C:/Users/maxde/OneDrive/Documents\core\persistent_state_manager.py
Backed up and deleted: C:/Users/maxde/OneDrive/Documents\core\phantom_entry_logic.py
Backed up and deleted: C:/Users/maxde/OneDrive/Documents\core\phantom_exit_logic.py
Backed up and deleted: C:/Users/maxde/OneDrive/Documents\core\phantom_lag_model.py
Backed up and deleted: C:/Users/maxde/OneDrive/Documents\core\phantom_memory.py
Backed up and deleted: C:/Users/maxde/OneDrive/Documents\core\phantom_price_vector_synchronizer.py
Backed up and deleted: C:/Users/maxde/OneDrive/Documents\core\phantom_profit_tracker.py
Backed up and deleted: C:/Users/maxde/OneDrive/Documents\core\phase_entropy_matcher.py
Backed up and deleted: C:/Users/maxde/OneDrive/Documents\core\phase_gate_controller.py
Backed up and deleted: C:/Users/maxde/OneDrive/Documents\core\phase_handler.py
Backed up and deleted: C:/Users/maxde/OneDrive/Documents\core\phase_inversion_mirror.py
Backed up and deleted: C:/Users/maxde/OneDrive/Documents\core\pipeline_management_system.py
Backed up and deleted: C:/Users/maxde/OneDrive/Documents\core\plot_sign_engine.py
Backed up and deleted: C:/Users/maxde/OneDrive/Documents\core\pod_management.py
Backed up and deleted: C:/Users/maxde/OneDrive/Documents\core\pool_volume_translator.py
Backed up and deleted: C:/Users/maxde/OneDrive/Documents\core\portfolio_router.py
Backed up and deleted: C:/Users/maxde/OneDrive/Documents\core\portfolio_substitution_matrix.py
Backed up and deleted: C:/Users/maxde/OneDrive/Documents\core\post_failure_recovery_intelligence_loop.py
Backed up and deleted: C:/Users/maxde/OneDrive/Documents\core\practical_visual_controller.py
Backed up and deleted: C:/Users/maxde/OneDrive/Documents\core\precision_performance.py
Backed up and deleted: C:/Users/maxde/OneDrive/Documents\core\profit_bridge_orchestrator.py
Backed up and deleted: C:/Users/maxde/OneDrive/Documents\core\profit_certainty_meter.py
Backed up and deleted: C:/Users/maxde/OneDrive/Documents\core\profit_cycle_allocator.py
Backed up and deleted: C:/Users/maxde/OneDrive/Documents\core\profit_echo_velocity_driver.py
Backed up and deleted: C:/Users/maxde/OneDrive/Documents\core\profit_feedback_loop.py
Backed up and deleted: C:/Users/maxde/OneDrive/Documents\core\profit_navigation_engine.py
Backed up and deleted: C:/Users/maxde/OneDrive/Documents\core\profit_navigator.py
Backed up and deleted: C:/Users/maxde/OneDrive/Documents\core\profit_projection.py
Backed up and deleted: C:/Users/maxde/OneDrive/Documents\core\profit_protection.py
Backed up and deleted: C:/Users/maxde/OneDrive/Documents\core\profit_router.py
Backed up and deleted: C:/Users/maxde/OneDrive/Documents\core\profit_routing_engine.py
Backed up and deleted: C:/Users/maxde/OneDrive/Documents\core\profit_sweep_allocator.py
Backed up and deleted: C:/Users/maxde/OneDrive/Documents\core\profit_tensor.py
Backed up and deleted: C:/Users/maxde/OneDrive/Documents\core\profit_tier_sequencer.py
Backed up and deleted: C:/Users/maxde/OneDrive/Documents\core\profit_trajectory_coprocessor.py
Backed up and deleted: C:/Users/maxde/OneDrive/Documents\core\profit_vector_reconciler.py
Backed up and deleted: C:/Users/maxde/OneDrive/Documents\core\prophet_connector.py
Backed up and deleted: C:/Users/maxde/OneDrive/Documents\core\psi_cache.py
Backed up and deleted: C:/Users/maxde/OneDrive/Documents\core\quantization_profile.py
Backed up and deleted: C:/Users/maxde/OneDrive/Documents\core\quantum_antipole_engine.py
Backed up and deleted: C:/Users/maxde/OneDrive/Documents\core\quantum_btc_intelligence_core.py
Backed up and deleted: C:/Users/maxde/OneDrive/Documents\core\quantum_cellular_risk_monitor.py
Backed up and deleted: C:/Users/maxde/OneDrive/Documents\core\quantum_drift_shell_engine.py
Backed up and deleted: C:/Users/maxde/OneDrive/Documents\core\quantum_mathematical_pathway_validator.py
Backed up and deleted: C:/Users/maxde/OneDrive/Documents\core\react_dashboard_integration.py
Backed up and deleted: C:/Users/maxde/OneDrive/Documents\core\real_trading_integration.py
Backed up and deleted: C:/Users/maxde/OneDrive/Documents\core\recursive_lattice_theorem.py
Backed up and deleted: C:/Users/maxde/OneDrive/Documents\core\recursive_profit.py
Backed up and deleted: C:/Users/maxde/OneDrive/Documents\core\recursive_strategy_router.py
Backed up and deleted: C:/Users/maxde/OneDrive/Documents\core\recursive_trade_lock.py
Backed up and deleted: C:/Users/maxde/OneDrive/Documents\core\regulatory_compliance.py
Backed up and deleted: C:/Users/maxde/OneDrive/Documents\core\render_math_utils.py
Backed up and deleted: C:/Users/maxde/OneDrive/Documents\core\resonance_gate_logic.py
Backed up and deleted: C:/Users/maxde/OneDrive/Documents\core\resource_sequencer.py
Backed up and deleted: C:/Users/maxde/OneDrive/Documents\core\reverse_profit_calibrator.py
Backed up and deleted: C:/Users/maxde/OneDrive/Documents\core\riddle_gemm.py
Backed up and deleted: C:/Users/maxde/OneDrive/Documents\core\risk_engine.py
Backed up and deleted: C:/Users/maxde/OneDrive/Documents\core\risk_guard.py
Backed up and deleted: C:/Users/maxde/OneDrive/Documents\core\risk_indexer.py
Backed up and deleted: C:/Users/maxde/OneDrive/Documents\core\risk_manager.py
Backed up and deleted: C:/Users/maxde/OneDrive/Documents\core\risk_monitor.py
Backed up and deleted: C:/Users/maxde/OneDrive/Documents\core\rittle_gemm.py
Backed up and deleted: C:/Users/maxde/OneDrive/Documents\core\rotation_heuristics_engine.py
Backed up and deleted: C:/Users/maxde/OneDrive/Documents\core\route_verification_classifier.py
Backed up and deleted: C:/Users/maxde/OneDrive/Documents\core\schwabot_dashboard.py
Backed up and deleted: C:/Users/maxde/OneDrive/Documents\core\schwabot_integration_orchestrator.py
Backed up and deleted: C:/Users/maxde/OneDrive/Documents\core\schwabot_unified_interface_system.py
Backed up and deleted: C:/Users/maxde/OneDrive/Documents\core\secure_api_manager.py
Backed up and deleted: C:/Users/maxde/OneDrive/Documents\core\sequencer_engine.py
Backed up and deleted: C:/Users/maxde/OneDrive/Documents\core\settings_controller.py
Backed up and deleted: C:/Users/maxde/OneDrive/Documents\core\settings_manager.py
Backed up and deleted: C:/Users/maxde/OneDrive/Documents\core\setup.py
Backed up and deleted: C:/Users/maxde/OneDrive/Documents\core\sfsss_router.py
Backed up and deleted: C:/Users/maxde/OneDrive/Documents\core\sfsss_strategy_bundler.py
Backed up and deleted: C:/Users/maxde/OneDrive/Documents\core\shell_memory_evolution_fixes.py
Backed up and deleted: C:/Users/maxde/OneDrive/Documents\core\shell_portal_mapper.py
Backed up and deleted: C:/Users/maxde/OneDrive/Documents\core\shift_profit_engine.py
Backed up and deleted: C:/Users/maxde/OneDrive/Documents\core\simple_docstring_fix.py
Backed up and deleted: C:/Users/maxde/OneDrive/Documents\core\simplified_api.py
Backed up and deleted: C:/Users/maxde/OneDrive/Documents\core\simplified_btc_integration.py
Backed up and deleted: C:/Users/maxde/OneDrive/Documents\core\simulate_trade.py
Backed up and deleted: C:/Users/maxde/OneDrive/Documents\core\snapshot_logger.py
Backed up and deleted: C:/Users/maxde/OneDrive/Documents\core\spectral_state.py
Backed up and deleted: C:/Users/maxde/OneDrive/Documents\core\spectral_transform.py
Backed up and deleted: C:/Users/maxde/OneDrive/Documents\core\state_tracker.py
Backed up and deleted: C:/Users/maxde/OneDrive/Documents\core\state_validation_router.py
Backed up and deleted: C:/Users/maxde/OneDrive/Documents\core\strange_loop_detector.py
Backed up and deleted: C:/Users/maxde/OneDrive/Documents\core\strategic_dormancy.py
Backed up and deleted: C:/Users/maxde/OneDrive/Documents\core\strategy_config.py
Backed up and deleted: C:/Users/maxde/OneDrive/Documents\core\strategy_entropy_switcher.py
Backed up and deleted: C:/Users/maxde/OneDrive/Documents\core\strategy_execution_mapper.py
Backed up and deleted: C:/Users/maxde/OneDrive/Documents\core\strategy_loader.py
Backed up and deleted: C:/Users/maxde/OneDrive/Documents\core\strategy_logic.py
Backed up and deleted: C:/Users/maxde/OneDrive/Documents\core\strategy_loop_executor.py
Backed up and deleted: C:/Users/maxde/OneDrive/Documents\core\strategy_manager.py
Backed up and deleted: C:/Users/maxde/OneDrive/Documents\core\strategy_mapper.py
Backed up and deleted: C:/Users/maxde/OneDrive/Documents\core\strategy_sustainment_validator.py
Backed up and deleted: C:/Users/maxde/OneDrive/Documents\core\surgical_math_corrector.py
Backed up and deleted: C:/Users/maxde/OneDrive/Documents\core\sustainment_gan_integration_demo.py
Backed up and deleted: C:/Users/maxde/OneDrive/Documents\core\sustainment_integration_hooks.py
Backed up and deleted: C:/Users/maxde/OneDrive/Documents\core\sustainment_principles.py
Backed up and deleted: C:/Users/maxde/OneDrive/Documents\core\sustainment_underlay_controller.py
Backed up and deleted: C:/Users/maxde/OneDrive/Documents\core\symbolic_profit_router.py
Backed up and deleted: C:/Users/maxde/OneDrive/Documents\core\synthesis_api_integration.py
Backed up and deleted: C:/Users/maxde/OneDrive/Documents\core\synthesis_drift_integration.py
Backed up and deleted: C:/Users/maxde/OneDrive/Documents\core\synthesis_engine_system.py
Backed up and deleted: C:/Users/maxde/OneDrive/Documents\core\systematic_binding_fixer.py
Backed up and deleted: C:/Users/maxde/OneDrive/Documents\core\systematic_integration_strategy.py
Backed up and deleted: C:/Users/maxde/OneDrive/Documents\core\system_api_server.py
Backed up and deleted: C:/Users/maxde/OneDrive/Documents\core\system_clock_sequencer.py
Backed up and deleted: C:/Users/maxde/OneDrive/Documents\core\system_constants.py
Backed up and deleted: C:/Users/maxde/OneDrive/Documents\core\system_constants_example.py
Backed up and deleted: C:/Users/maxde/OneDrive/Documents\core\system_integration_orchestrator.py
Backed up and deleted: C:/Users/maxde/OneDrive/Documents\core\system_monitor.py
Backed up and deleted: C:/Users/maxde/OneDrive/Documents\core\system_orchestrator.py
Backed up and deleted: C:/Users/maxde/OneDrive/Documents\core\temporal_execution_correction_layer.py
Backed up and deleted: C:/Users/maxde/OneDrive/Documents\core\temporal_sync_tracker.py
Backed up and deleted: C:/Users/maxde/OneDrive/Documents\core\tensor_harness_matrix.py
Backed up and deleted: C:/Users/maxde/OneDrive/Documents\core\tensor_matcher.py
Backed up and deleted: C:/Users/maxde/OneDrive/Documents\core\tensor_path_router.py
Backed up and deleted: C:/Users/maxde/OneDrive/Documents\core\tensor_router.py
Backed up and deleted: C:/Users/maxde/OneDrive/Documents\core\tensor_score_utils.py
Backed up and deleted: C:/Users/maxde/OneDrive/Documents\core\tensor_visualization_controller.py
Backed up and deleted: C:/Users/maxde/OneDrive/Documents\core\tesseract_processor.py
Backed up and deleted: C:/Users/maxde/OneDrive/Documents\core\tesseract_visualizer.py
Backed up and deleted: C:/Users/maxde/OneDrive/Documents\core\thermal_boundary_manager.py
Backed up and deleted: C:/Users/maxde/OneDrive/Documents\core\thermal_integration_demo.py
Backed up and deleted: C:/Users/maxde/OneDrive/Documents\core\thermal_map_allocator.py
Backed up and deleted: C:/Users/maxde/OneDrive/Documents\core\thermal_mathematical_integration.py
Backed up and deleted: C:/Users/maxde/OneDrive/Documents\core\thermal_performance_tracker.py
Backed up and deleted: C:/Users/maxde/OneDrive/Documents\core\thermal_shift.py
Backed up and deleted: C:/Users/maxde/OneDrive/Documents\core\thermal_system_integration.py
Backed up and deleted: C:/Users/maxde/OneDrive/Documents\core\thermal_visual_integration.py
Backed up and deleted: C:/Users/maxde/OneDrive/Documents\core\thermal_zone_manager.py
Backed up and deleted: C:/Users/maxde/OneDrive/Documents\core\thermal_zone_manager_mock.py
Backed up and deleted: C:/Users/maxde/OneDrive/Documents\core\tick_backlog_router.py
Backed up and deleted: C:/Users/maxde/OneDrive/Documents\core\tick_cycle_validator.py
Backed up and deleted: C:/Users/maxde/OneDrive/Documents\core\tick_feed_harness.py
Backed up and deleted: C:/Users/maxde/OneDrive/Documents\core\tick_hash_interpreter.py
Backed up and deleted: C:/Users/maxde/OneDrive/Documents\core\tick_hash_processor.py
Backed up and deleted: C:/Users/maxde/OneDrive/Documents\core\tick_logic_router.py
Backed up and deleted: C:/Users/maxde/OneDrive/Documents\core\tick_management_system.py
Backed up and deleted: C:/Users/maxde/OneDrive/Documents\core\tick_processor.py
Backed up and deleted: C:/Users/maxde/OneDrive/Documents\core\tick_resonance_engine.py
Backed up and deleted: C:/Users/maxde/OneDrive/Documents\core\tier_validation_matrix.py
Backed up and deleted: C:/Users/maxde/OneDrive/Documents\core\time_entropy_edge_case.py
Backed up and deleted: C:/Users/maxde/OneDrive/Documents\core\timing_manager.py
Backed up and deleted: C:/Users/maxde/OneDrive/Documents\core\todo_validation_fixes.py
Backed up and deleted: C:/Users/maxde/OneDrive/Documents\core\trade_tensor_router.py
Backed up and deleted: C:/Users/maxde/OneDrive/Documents\core\trajectory_sphere.py
Backed up and deleted: C:/Users/maxde/OneDrive/Documents\core\triplet_matcher.py
Backed up and deleted: C:/Users/maxde/OneDrive/Documents\core\truth_lattice_math.py
Backed up and deleted: C:/Users/maxde/OneDrive/Documents\core\type_binding_system.py
Backed up and deleted: C:/Users/maxde/OneDrive/Documents\core\type_defs.py
Backed up and deleted: C:/Users/maxde/OneDrive/Documents\core\type_enforcer.py
Backed up and deleted: C:/Users/maxde/OneDrive/Documents\core\type_patterns.py
Backed up and deleted: C:/Users/maxde/OneDrive/Documents\core\typing_schemas.py
Backed up and deleted: C:/Users/maxde/OneDrive/Documents\core\ufs_echo_logger.py
Backed up and deleted: C:/Users/maxde/OneDrive/Documents\core\ufs_registry.py
Backed up and deleted: C:/Users/maxde/OneDrive/Documents\core\ui_bridge_integration_manager.py
Backed up and deleted: C:/Users/maxde/OneDrive/Documents\core\ui_integration_bridge.py
Backed up and deleted: C:/Users/maxde/OneDrive/Documents\core\ui_state_bridge.py
Backed up and deleted: C:/Users/maxde/OneDrive/Documents\core\ump_pipeline.py
Backed up and deleted: C:/Users/maxde/OneDrive/Documents\core\unified_api_coordinator.py
Backed up and deleted: C:/Users/maxde/OneDrive/Documents\core\unified_api_english_relay_system.py
Backed up and deleted: C:/Users/maxde/OneDrive/Documents\core\unified_btc_profit_scaffolding_engine.py
Backed up and deleted: C:/Users/maxde/OneDrive/Documents\core\unified_confidence_matrix.py
Backed up and deleted: C:/Users/maxde/OneDrive/Documents\core\unified_gap_logic_bridge.py
Backed up and deleted: C:/Users/maxde/OneDrive/Documents\core\unified_integration_layer.py
Backed up and deleted: C:/Users/maxde/OneDrive/Documents\core\unified_interlinking_system.py
Backed up and deleted: C:/Users/maxde/OneDrive/Documents\core\unified_mathematical_capitulation_engine.py
Backed up and deleted: C:/Users/maxde/OneDrive/Documents\core\unified_mathematical_trading_controller.py
Backed up and deleted: C:/Users/maxde/OneDrive/Documents\core\unified_mathematical_trading_integration_system.py
Backed up and deleted: C:/Users/maxde/OneDrive/Documents\core\unified_observability_tensor.py
Backed up and deleted: C:/Users/maxde/OneDrive/Documents\core\unified_profit_vectorization_system.py
Backed up and deleted: C:/Users/maxde/OneDrive/Documents\core\unified_schwabot_integration.py
Backed up and deleted: C:/Users/maxde/OneDrive/Documents\core\unified_signal_metrics.py
Backed up and deleted: C:/Users/maxde/OneDrive/Documents\core\unified_visual_controller.py
Backed up and deleted: C:/Users/maxde/OneDrive/Documents\core\unified_visual_synthesis_controller.py
Backed up and deleted: C:/Users/maxde/OneDrive/Documents\core\universal_schwabot_client.py
Backed up and deleted: C:/Users/maxde/OneDrive/Documents\core\usdc_position_manager.py
Backed up and deleted: C:/Users/maxde/OneDrive/Documents\core\validation_manager.py
Backed up and deleted: C:/Users/maxde/OneDrive/Documents\core\vault_balance_regulator.py
Backed up and deleted: C:/Users/maxde/OneDrive/Documents\core\vault_router.py
Backed up and deleted: C:/Users/maxde/OneDrive/Documents\core\vector_matcher.py
Backed up and deleted: C:/Users/maxde/OneDrive/Documents\core\vector_state_mapper.py
Backed up and deleted: C:/Users/maxde/OneDrive/Documents\core\vector_validator.py
Backed up and deleted: C:/Users/maxde/OneDrive/Documents\core\vecu_core.py
Backed up and deleted: C:/Users/maxde/OneDrive/Documents\core\visual_integration_bridge.py
Backed up and deleted: C:/Users/maxde/OneDrive/Documents\core\voltage_lane_mapper.py
Backed up and deleted: C:/Users/maxde/OneDrive/Documents\core\volume_tick_router.py
Backed up and deleted: C:/Users/maxde/OneDrive/Documents\core\wallet_echo_monitor.py
Backed up and deleted: C:/Users/maxde/OneDrive/Documents\core\wall_builder_anomaly_handler.py
Backed up and deleted: C:/Users/maxde/OneDrive/Documents\core\zbe_position_tracker.py
Backed up and deleted: C:/Users/maxde/OneDrive/Documents\core\zpe_core.py
Backed up and deleted: C:/Users/maxde/OneDrive/Documents\core\zpe_core_matrix.py
Backed up and deleted: C:/Users/maxde/OneDrive/Documents\core\zpe_hybrid_mode_selector.py
Backed up and deleted: C:/Users/maxde/OneDrive/Documents\core\zpe_integration.py
Backed up and deleted: C:/Users/maxde/OneDrive/Documents\core\zpe_rotational_engine.py
Backed up and deleted: C:/Users/maxde/OneDrive/Documents\core\__init__.py
Backed up and deleted: C:/Users/maxde/OneDrive/Documents\core\antipole\tesseract_bridge.py
Backed up and deleted: C:/Users/maxde/OneDrive/Documents\core\antipole\vector.py
Backed up and deleted: C:/Users/maxde/OneDrive/Documents\core\antipole\zbe_controller.py
Backed up and deleted: C:/Users/maxde/OneDrive/Documents\core\antipole\__init__.py
Backed up and deleted: C:/Users/maxde/OneDrive/Documents\core\config\api_config.py
Backed up and deleted: C:/Users/maxde/OneDrive/Documents\core\config\defaults.py
Backed up and deleted: C:/Users/maxde/OneDrive/Documents\core\config\logging_config.py
Backed up and deleted: C:/Users/maxde/OneDrive/Documents\core\config\manager.py
Backed up and deleted: C:/Users/maxde/OneDrive/Documents\core\config\unifier.py
Backed up and deleted: C:/Users/maxde/OneDrive/Documents\core\config\validator.py
Backed up and deleted: C:/Users/maxde/OneDrive/Documents\core\config\__init__.py
Backed up and deleted: C:/Users/maxde/OneDrive/Documents\core\config\tesseract\config_loader.py
Backed up and deleted: C:/Users/maxde/OneDrive/Documents\core\data\data_provider.py
Backed up and deleted: C:/Users/maxde/OneDrive/Documents\core\data\provider.py
Backed up and deleted: C:/Users/maxde/OneDrive/Documents\core\exchange_apis\base_api.py
Backed up and deleted: C:/Users/maxde/OneDrive/Documents\core\exchange_apis\coinbase_api.py
Backed up and deleted: C:/Users/maxde/OneDrive/Documents\core\exchange_apis\__init__.py
Backed up and deleted: C:/Users/maxde/OneDrive/Documents\core\ghost\ghost_conditionals.py
Backed up and deleted: C:/Users/maxde/OneDrive/Documents\core\ghost\ghost_news_vectorizer.py
Backed up and deleted: C:/Users/maxde/OneDrive/Documents\core\ghost\ghost_phase_integrator.py
Backed up and deleted: C:/Users/maxde/OneDrive/Documents\core\ghost\__init__.py
Backed up and deleted: C:/Users/maxde/OneDrive/Documents\core\glyph\conditional_feedback_loop.py
Backed up and deleted: C:/Users/maxde/OneDrive/Documents\core\glyph\recursive_glyph_mapper.py
Backed up and deleted: C:/Users/maxde/OneDrive/Documents\core\glyph\__init__.py
Backed up and deleted: C:/Users/maxde/OneDrive/Documents\core\lantern\lexicon_engine.py
Backed up and deleted: C:/Users/maxde/OneDrive/Documents\core\lantern\profit_story_engine.py
Backed up and deleted: C:/Users/maxde/OneDrive/Documents\core\lantern\story_parser.py
Backed up and deleted: C:/Users/maxde/OneDrive/Documents\core\lantern\trigger.py
Backed up and deleted: C:/Users/maxde/OneDrive/Documents\core\lantern\vector_memory.py
Backed up and deleted: C:/Users/maxde/OneDrive/Documents\core\lantern\word_fitness_tracker.py
Backed up and deleted: C:/Users/maxde/OneDrive/Documents\core\lantern\__init__.py
Backed up and deleted: C:/Users/maxde/OneDrive/Documents\core\logic\swap_decision.py
Backed up and deleted: C:/Users/maxde/OneDrive/Documents\core\math\complete_system_integration_validator.py
Backed up and deleted: C:/Users/maxde/OneDrive/Documents\core\math\__init__.py
Backed up and deleted: C:/Users/maxde/OneDrive/Documents\core\math\tensor_algebra\entropy_engine.py
Backed up and deleted: C:/Users/maxde/OneDrive/Documents\core\math\tensor_algebra\profit_engine.py
Backed up and deleted: C:/Users/maxde/OneDrive/Documents\core\math\tensor_algebra\tensor_engine.py
Backed up and deleted: C:/Users/maxde/OneDrive/Documents\core\math\tensor_algebra\unified_tensor_algebra.py
Backed up and deleted: C:/Users/maxde/OneDrive/Documents\core\matrix\fault_resolver.py
Backed up and deleted: C:/Users/maxde/OneDrive/Documents\core\matrix\strategy_matrix.py
Backed up and deleted: C:/Users/maxde/OneDrive/Documents\core\matrix\__init__.py
Backed up and deleted: C:/Users/maxde/OneDrive/Documents\core\memory_stack\ai_command_sequencer.py
Backed up and deleted: C:/Users/maxde/OneDrive/Documents\core\memory_stack\command_density_analyzer.py
Backed up and deleted: C:/Users/maxde/OneDrive/Documents\core\memory_stack\execution_validator.py
Backed up and deleted: C:/Users/maxde/OneDrive/Documents\core\memory_stack\memory_hash_rotator.py
Backed up and deleted: C:/Users/maxde/OneDrive/Documents\core\memory_stack\memory_key_allocator.py
Backed up and deleted: C:/Users/maxde/OneDrive/Documents\core\memory_stack\trust_feedback_updater.py
Backed up and deleted: C:/Users/maxde/OneDrive/Documents\core\overlay\aleph_overlay_mapper.py
Backed up and deleted: C:/Users/maxde/OneDrive/Documents\core\phantom\entry_logic.py
Backed up and deleted: C:/Users/maxde/OneDrive/Documents\core\phantom\exit_logic.py
Backed up and deleted: C:/Users/maxde/OneDrive/Documents\core\phantom\price_vector_synchronizer.py
Backed up and deleted: C:/Users/maxde/OneDrive/Documents\core\phantom\__init__.py
Backed up and deleted: C:/Users/maxde/OneDrive/Documents\core\phase\bit_wave_propagator.py
Backed up and deleted: C:/Users/maxde/OneDrive/Documents\core\phase\drift_phase_weighter.py
Backed up and deleted: C:/Users/maxde/OneDrive/Documents\core\phase\phase_transition_monitor.py
Backed up and deleted: C:/Users/maxde/OneDrive/Documents\core\phase_engine\basket_phase_map.py
Backed up and deleted: C:/Users/maxde/OneDrive/Documents\core\phase_engine\basket_phase_map_backup.py
Backed up and deleted: C:/Users/maxde/OneDrive/Documents\core\phase_engine\data_provider.py
Backed up and deleted: C:/Users/maxde/OneDrive/Documents\core\phase_engine\phase_logger.py
Backed up and deleted: C:/Users/maxde/OneDrive/Documents\core\phase_engine\phase_map.py
Backed up and deleted: C:/Users/maxde/OneDrive/Documents\core\phase_engine\phase_metrics_engine.py
Backed up and deleted: C:/Users/maxde/OneDrive/Documents\core\phase_engine\sha_mapper.py
Backed up and deleted: C:/Users/maxde/OneDrive/Documents\core\phase_engine\swap_controller.py
Backed up and deleted: C:/Users/maxde/OneDrive/Documents\core\phase_engine\__init__.py
Backed up and deleted: C:/Users/maxde/OneDrive/Documents\core\profit\cycle_allocator.py
Backed up and deleted: C:/Users/maxde/OneDrive/Documents\core\profit\__init__.py
Backed up and deleted: C:/Users/maxde/OneDrive/Documents\core\recursive_engine\integrator.py
Backed up and deleted: C:/Users/maxde/OneDrive/Documents\core\recursive_engine\math_functions.py
Backed up and deleted: C:/Users/maxde/OneDrive/Documents\core\recursive_engine\primary_loop.py
Backed up and deleted: C:/Users/maxde/OneDrive/Documents\core\recursive_engine\profit_memory_vault.py
Backed up and deleted: C:/Users/maxde/OneDrive/Documents\core\recursive_engine\recursive_strategy_handler.py
Backed up and deleted: C:/Users/maxde/OneDrive/Documents\core\recursive_engine\signal_processor.py
Backed up and deleted: C:/Users/maxde/OneDrive/Documents\core\recursive_engine\vault_reentry_pipeline.py
Backed up and deleted: C:/Users/maxde/OneDrive/Documents\core\recursive_engine\__init__.py
Backed up and deleted: C:/Users/maxde/OneDrive/Documents\core\secr\adaptive_icap.py
Backed up and deleted: C:/Users/maxde/OneDrive/Documents\core\secr\allocator.py
Backed up and deleted: C:/Users/maxde/OneDrive/Documents\core\secr\coordinator.py
Backed up and deleted: C:/Users/maxde/OneDrive/Documents\core\secr\failure_logger.py
Backed up and deleted: C:/Users/maxde/OneDrive/Documents\core\secr\injector.py
Backed up and deleted: C:/Users/maxde/OneDrive/Documents\core\secr\resolver_matrix.py
Backed up and deleted: C:/Users/maxde/OneDrive/Documents\core\secr\watchdog.py
Backed up and deleted: C:/Users/maxde/OneDrive/Documents\core\secr\__init__.py
Backed up and deleted: C:/Users/maxde/OneDrive/Documents\core\trading_models\containers.py
Backed up and deleted: C:/Users/maxde/OneDrive/Documents\core\trading_models\enums.py
Backed up and deleted: C:/Users/maxde/OneDrive/Documents\core\trading_models\__init__.py
Backed up and deleted: C:/Users/maxde/OneDrive/Documents\core\unified_logic\btc_tick_backlog.py
Backed up and deleted: C:/Users/maxde/OneDrive/Documents\core\unified_logic\entry_logic.py
Backed up and deleted: C:/Users/maxde/OneDrive/Documents\core\unified_logic\float_valuation.py
Backed up and deleted: C:/Users/maxde/OneDrive/Documents\core\unified_logic\ghost_conditionals.py
Backed up and deleted: C:/Users/maxde/OneDrive/Documents\core\unified_logic\phase_math.py
Backed up and deleted: C:/Users/maxde/OneDrive/Documents\core\unified_logic\unicode_emoji_asic.py
Backed up and deleted: C:/Users/maxde/OneDrive/Documents\core\unified_logic\__init__.py
Backed up and deleted: C:/Users/maxde/OneDrive/Documents\core\utils\cli_handler.py
Backed up and deleted: C:/Users/maxde/OneDrive/Documents\core\utils\math_utils.py
Backed up and deleted: C:/Users/maxde/OneDrive/Documents\core\utils\rate_limiter.py
Backed up and deleted: C:/Users/maxde/OneDrive/Documents\core\utils\windows_cli_compatibility.py
Backed up and deleted: C:/Users/maxde/OneDrive/Documents\core\utils\yaml_config_loader.py
Backed up and deleted: C:/Users/maxde/OneDrive/Documents\core\utils\__init__.py
Backed up and deleted: C:/Users/maxde/OneDrive/Documents\schwabot\core\access_controller.py
Backed up and deleted: C:/Users/maxde/OneDrive/Documents\schwabot\core\access_validator.py
Backed up and deleted: C:/Users/maxde/OneDrive/Documents\schwabot\core\action_selector.py
Backed up and deleted: C:/Users/maxde/OneDrive/Documents\schwabot\core\adapter_manager.py
Backed up and deleted: C:/Users/maxde/OneDrive/Documents\schwabot\core\aleph_unitizer.py
Backed up and deleted: C:/Users/maxde/OneDrive/Documents\schwabot\core\alert_dispatcher.py
Backed up and deleted: C:/Users/maxde/OneDrive/Documents\schwabot\core\alert_manager.py
Backed up and deleted: C:/Users/maxde/OneDrive/Documents\schwabot\core\algorithm_optimizer.py
Backed up and deleted: C:/Users/maxde/OneDrive/Documents\schwabot\core\analysis_engine.py
Backed up and deleted: C:/Users/maxde/OneDrive/Documents\schwabot\core\archive_extractor.py
Backed up and deleted: C:/Users/maxde/OneDrive/Documents\schwabot\core\archive_validator.py
Backed up and deleted: C:/Users/maxde/OneDrive/Documents\schwabot\core\auth_manager.py
Backed up and deleted: C:/Users/maxde/OneDrive/Documents\schwabot\core\backup_validator.py
Backed up and deleted: C:/Users/maxde/OneDrive/Documents\schwabot\core\cli_matrix_visualizer.py
Backed up and deleted: C:/Users/maxde/OneDrive/Documents\schwabot\core\config.py
Backed up and deleted: C:/Users/maxde/OneDrive/Documents\schwabot\core\config_manager.py
Backed up and deleted: C:/Users/maxde/OneDrive/Documents\schwabot\core\connection_manager.py
Backed up and deleted: C:/Users/maxde/OneDrive/Documents\schwabot\core\connection_pool.py
Backed up and deleted: C:/Users/maxde/OneDrive/Documents\schwabot\core\consistency_checker.py
Backed up and deleted: C:/Users/maxde/OneDrive/Documents\schwabot\core\constants.py
Backed up and deleted: C:/Users/maxde/OneDrive/Documents\schwabot\core\context_retriever.py
Backed up and deleted: C:/Users/maxde/OneDrive/Documents\schwabot\core\convergence_analyzer.py
Backed up and deleted: C:/Users/maxde/OneDrive/Documents\schwabot\core\correlation_finder.py
Backed up and deleted: C:/Users/maxde/OneDrive/Documents\schwabot\core\cron_handler.py
Backed up and deleted: C:/Users/maxde/OneDrive/Documents\schwabot\core\database_manager.py
Backed up and deleted: C:/Users/maxde/OneDrive/Documents\schwabot\core\data_aggregator.py
Backed up and deleted: C:/Users/maxde/OneDrive/Documents\schwabot\core\data_exporter.py
Backed up and deleted: C:/Users/maxde/OneDrive/Documents\schwabot\core\data_importer.py
Backed up and deleted: C:/Users/maxde/OneDrive/Documents\schwabot\core\data_migrator.py
Backed up and deleted: C:/Users/maxde/OneDrive/Documents\schwabot\core\data_processor.py
Backed up and deleted: C:/Users/maxde/OneDrive/Documents\schwabot\core\data_transformer.py
Backed up and deleted: C:/Users/maxde/OneDrive/Documents\schwabot\core\data_validator.py
Backed up and deleted: C:/Users/maxde/OneDrive/Documents\schwabot\core\decision_engine.py
Backed up and deleted: C:/Users/maxde/OneDrive/Documents\schwabot\core\demo_backtrace_pipeline.py
Backed up and deleted: C:/Users/maxde/OneDrive/Documents\schwabot\core\diagnostics_manager.py
Backed up and deleted: C:/Users/maxde/OneDrive/Documents\schwabot\core\disaster_recovery.py
Backed up and deleted: C:/Users/maxde/OneDrive/Documents\schwabot\core\dlt_waveform_engine.py
Backed up and deleted: C:/Users/maxde/OneDrive/Documents\schwabot\core\doc_generator.py
Backed up and deleted: C:/Users/maxde/OneDrive/Documents\schwabot\core\drem_controller.py
Backed up and deleted: C:/Users/maxde/OneDrive/Documents\schwabot\core\drem_router.py
Backed up and deleted: C:/Users/maxde/OneDrive/Documents\schwabot\core\drem_strategy.py
Backed up and deleted: C:/Users/maxde/OneDrive/Documents\schwabot\core\edos_processor.py
Backed up and deleted: C:/Users/maxde/OneDrive/Documents\schwabot\core\efficiency_calculator.py
Backed up and deleted: C:/Users/maxde/OneDrive/Documents\schwabot\core\email_sender.py
Backed up and deleted: C:/Users/maxde/OneDrive/Documents\schwabot\core\empty.py
Backed up and deleted: C:/Users/maxde/OneDrive/Documents\schwabot\core\encryption_handler.py
Backed up and deleted: C:/Users/maxde/OneDrive/Documents\schwabot\core\enhanced_tesseract_processor.py
Backed up and deleted: C:/Users/maxde/OneDrive/Documents\schwabot\core\entropy_calculator.py
Backed up and deleted: C:/Users/maxde/OneDrive/Documents\schwabot\core\environment_setup.py
Backed up and deleted: C:/Users/maxde/OneDrive/Documents\schwabot\core\event_logger.py
Backed up and deleted: C:/Users/maxde/OneDrive/Documents\schwabot\core\example_creator.py
Backed up and deleted: C:/Users/maxde/OneDrive/Documents\schwabot\core\experience_storer.py
Backed up and deleted: C:/Users/maxde/OneDrive/Documents\schwabot\core\experimental.py
Backed up and deleted: C:/Users/maxde/OneDrive/Documents\schwabot\core\export_manager.py
Backed up and deleted: C:/Users/maxde/OneDrive/Documents\schwabot\core\extension_interface.py
Backed up and deleted: C:/Users/maxde/OneDrive/Documents\schwabot\core\extension_loader.py
Backed up and deleted: C:/Users/maxde/OneDrive/Documents\schwabot\core\extension_manager.py
Backed up and deleted: C:/Users/maxde/OneDrive/Documents\schwabot\core\extension_registry.py
Backed up and deleted: C:/Users/maxde/OneDrive/Documents\schwabot\core\external_handler.py
Backed up and deleted: C:/Users/maxde/OneDrive/Documents\schwabot\core\feedback_processor.py
Backed up and deleted: C:/Users/maxde/OneDrive/Documents\schwabot\core\fix_critical_issues.py
Backed up and deleted: C:/Users/maxde/OneDrive/Documents\schwabot\core\flow_director.py
Backed up and deleted: C:/Users/maxde/OneDrive/Documents\schwabot\core\forecast_generator.py
Backed up and deleted: C:/Users/maxde/OneDrive/Documents\schwabot\core\format_adapter.py
Backed up and deleted: C:/Users/maxde/OneDrive/Documents\schwabot\core\fractal_generator.py
Backed up and deleted: C:/Users/maxde/OneDrive/Documents\schwabot\core\gpu_offload_manager.py
Backed up and deleted: C:/Users/maxde/OneDrive/Documents\schwabot\core\grant_handler.py
Backed up and deleted: C:/Users/maxde/OneDrive/Documents\schwabot\core\health_checker.py
Backed up and deleted: C:/Users/maxde/OneDrive/Documents\schwabot\core\helpers.py
Backed up and deleted: C:/Users/maxde/OneDrive/Documents\schwabot\core\http_handler.py
Backed up and deleted: C:/Users/maxde/OneDrive/Documents\schwabot\core\import_manager.py
Backed up and deleted: C:/Users/maxde/OneDrive/Documents\schwabot\core\improvement_analyzer.py
Backed up and deleted: C:/Users/maxde/OneDrive/Documents\schwabot\core\initializer.py
Backed up and deleted: C:/Users/maxde/OneDrive/Documents\schwabot\core\integral_calculator.py
Backed up and deleted: C:/Users/maxde/OneDrive/Documents\schwabot\core\integration_manager.py
Backed up and deleted: C:/Users/maxde/OneDrive/Documents\schwabot\core\integrity_verifier.py
Backed up and deleted: C:/Users/maxde/OneDrive/Documents\schwabot\core\interface_adapter.py
Backed up and deleted: C:/Users/maxde/OneDrive/Documents\schwabot\core\interface_manager.py
Backed up and deleted: C:/Users/maxde/OneDrive/Documents\schwabot\core\job_controller.py
Backed up and deleted: C:/Users/maxde/OneDrive/Documents\schwabot\core\job_scheduler.py
Backed up and deleted: C:/Users/maxde/OneDrive/Documents\schwabot\core\knowledge_accumulator.py
Backed up and deleted: C:/Users/maxde/OneDrive/Documents\schwabot\core\launcher.py
Backed up and deleted: C:/Users/maxde/OneDrive/Documents\schwabot\core\learning_engine.py
Backed up and deleted: C:/Users/maxde/OneDrive/Documents\schwabot\core\legacy_support.py
Backed up and deleted: C:/Users/maxde/OneDrive/Documents\schwabot\core\log_manager.py
Backed up and deleted: C:/Users/maxde/OneDrive/Documents\schwabot\core\maintenance_manager.py
Backed up and deleted: C:/Users/maxde/OneDrive/Documents\schwabot\core\mathlib.py
Backed up and deleted: C:/Users/maxde/OneDrive/Documents\schwabot\core\matrix_synthesizer.py
Backed up and deleted: C:/Users/maxde/OneDrive/Documents\schwabot\core\memory_manager.py
Backed up and deleted: C:/Users/maxde/OneDrive/Documents\schwabot\core\response_evaluator.py
Backed up and deleted: C:/Users/maxde/OneDrive/Documents\schwabot\core\rights_manager.py
Backed up and deleted: C:/Users/maxde/OneDrive/Documents\schwabot\core\risk_manager.py
Backed up and deleted: C:/Users/maxde/OneDrive/Documents\schwabot\core\schwafit_core.py
Backed up and deleted: C:/Users/maxde/OneDrive/Documents\schwabot\core\utilities.py
Backed up and deleted: C:/Users/maxde/OneDrive/Documents\schwabot\core\vector_space_analyzer.py
Backed up and deleted: C:/Users/maxde/OneDrive/Documents\schwabot\core\web_server.py
Backed up and deleted: C:/Users/maxde/OneDrive/Documents\schwabot\core\__init__.py
Backed up and deleted: C:/Users/maxde/OneDrive/Documents\schwabot\core\config\defaults.py
Backed up and deleted: C:/Users/maxde/OneDrive/Documents\schwabot\core\config\__init__.py

--- Verification ---
KEEP file found: C:/Users/maxde/OneDrive/Documents\core\unified_math_system.py
KEEP file found: C:/Users/maxde/OneDrive/Documents\core\phase_bit_integration.py
KEEP file found: C:/Users/maxde/OneDrive/Documents\core\schwafit_core.py
KEEP file found: C:/Users/maxde/OneDrive/Documents\core\math\mathematical_relay_system.py
KEEP file found: C:/Users/maxde/OneDrive/Documents\core\math\trading_tensor_ops.py
KEEP file found: C:/Users/maxde/OneDrive/Documents\core\math\tensor_algebra.py
KEEP file found: C:/Users/maxde/OneDrive/Documents\core\math\integration_validator.py
WARNING: KEEP file missing: C:/Users/maxde/OneDrive/Documents\core\recursive_engine\fractal_core.py
WARNING: KEEP file missing: C:/Users/maxde/OneDrive/Documents\core\dual_unicore_handler.py
KEEP file found: C:/Users/maxde/OneDrive/Documents\core\integrated_correction_system.py
KEEP file found: C:/Users/maxde/OneDrive/Documents\core\utc_2bit_wholesale_corrector.py
KEEP file found: C:/Users/maxde/OneDrive/Documents\core\dualistic_thought_engines.py
KEEP file found: C:/Users/maxde/OneDrive/Documents\core\phase_engine\phase_loader.py
KEEP file found: C:/Users/maxde/OneDrive/Documents\core\tensor_pool_registry.py
KEEP file found: C:/Users/maxde/OneDrive/Documents\schwabot\dual_unicore_handler.py

Cleanup process completed.
