2025-07-09 13:06:17,002 - INFO - Starting comprehensive requirements update
2025-07-09 13:06:17,003 - INFO - Updating requirements.txt
2025-07-09 13:06:17,013 - INFO - Backed up requirements.txt to requirements.txt.backup
2025-07-09 13:06:17,071 - INFO - Updated requirements.txt with 61 dependencies
2025-07-09 13:06:17,072 - INFO - Created requirements-windows.txt
2025-07-09 13:06:17,073 - INFO - Created requirements-linux.txt
2025-07-09 13:06:17,074 - INFO - Created requirements-darwin.txt
2025-07-09 13:06:17,075 - INFO - Created setup scripts: setup_windows.bat, setup_unix.sh
2025-07-09 13:06:17,077 - INFO - Report generated: requirements_update_report.md
2025-07-09 13:06:17,078 - INFO - Requirements update completed
2025-07-09 13:07:37,295 - INFO - Starting comprehensive requirements update
2025-07-09 13:07:37,295 - INFO - Updating requirements.txt
2025-07-09 13:07:37,307 - INFO - Backed up requirements.txt to requirements.txt.backup
2025-07-09 13:07:37,374 - INFO - Updated requirements.txt with 61 dependencies
2025-07-09 13:07:37,375 - INFO - Created requirements-windows.txt
2025-07-09 13:07:37,375 - INFO - Created requirements-linux.txt
2025-07-09 13:07:37,375 - INFO - Created requirements-darwin.txt
2025-07-09 13:07:37,376 - INFO - Created setup scripts: setup_windows.bat, setup_unix.sh
2025-07-09 13:07:37,377 - INFO - Report generated: requirements_update_report.md
2025-07-09 13:07:37,377 - INFO - Requirements update completed
2025-07-10 06:22:41,654 - INFO - Starting comprehensive requirements update
2025-07-10 06:22:41,654 - INFO - Updating requirements.txt
2025-07-10 06:22:41,666 - INFO - Backed up requirements.txt to requirements.txt.backup
2025-07-10 06:22:41,730 - INFO - Updated requirements.txt with 83 dependencies
2025-07-10 06:22:41,730 - INFO - Created requirements-windows.txt
2025-07-10 06:22:41,731 - INFO - Created requirements-linux.txt
2025-07-10 06:22:41,732 - INFO - Created requirements-darwin.txt
2025-07-10 06:22:41,733 - INFO - Created setup scripts: setup_windows.bat, setup_unix.sh
2025-07-10 06:22:41,733 - INFO - Report generated: requirements_update_report.md
2025-07-10 06:22:41,734 - INFO - Requirements update completed
2025-07-10 06:24:31,759 - INFO - Starting comprehensive requirements update
2025-07-10 06:24:31,760 - INFO - Updating requirements.txt
2025-07-10 06:24:31,769 - INFO - Backed up requirements.txt to requirements.txt.backup
2025-07-10 06:24:31,819 - INFO - Updated requirements.txt with 61 dependencies
2025-07-10 06:24:31,820 - INFO - Created requirements-windows.txt
2025-07-10 06:24:31,821 - INFO - Created requirements-linux.txt
2025-07-10 06:24:31,821 - INFO - Created requirements-darwin.txt
2025-07-10 06:24:31,823 - INFO - Created setup scripts: setup_windows.bat, setup_unix.sh
2025-07-10 06:24:31,824 - INFO - Report generated: requirements_update_report.md
2025-07-10 06:24:31,824 - INFO - Requirements update completed
2025-07-10 06:52:33,818 - INFO - Starting comprehensive requirements update
2025-07-10 06:52:33,818 - INFO - Updating requirements.txt
2025-07-10 06:52:33,828 - INFO - Backed up requirements.txt to requirements.txt.backup
2025-07-10 06:52:33,898 - INFO - Updated requirements.txt with 61 dependencies
2025-07-10 06:52:33,899 - INFO - Created requirements-windows.txt
2025-07-10 06:52:33,900 - INFO - Created requirements-linux.txt
2025-07-10 06:52:33,900 - INFO - Created requirements-darwin.txt
2025-07-10 06:52:33,902 - INFO - Created setup scripts: setup_windows.bat, setup_unix.sh
2025-07-10 06:52:33,902 - INFO - Report generated: requirements_update_report.md
2025-07-10 06:52:33,903 - INFO - Requirements update completed
