2025-07-03 14:21:47,206 - schwabot_main_launcher - INFO - Starting Schwabot Main System for session schwabot_1751566907...
2025-07-03 14:21:47,208 - schwabot_trading_dashboard - INFO - Initialized Schwabot Trading Dashboard for session schwabot_1751566907
2025-07-03 14:21:47,208 - schwabot_trading_intelligence - INFO - Initialized Schwabot Trading Intelligence for session schwabot_1751566907
2025-07-03 14:21:47,211 - schwabot_trading_dashboard - INFO - Initializing Schwabot Trading Dashboard components...
2025-07-03 14:21:47,214 - schwabot_trading_dashboard - ERROR - Dashboard component initialization failed: coinbase does not have a sandbox URL
2025-07-03 14:21:47,216 - schwabot_main_launcher - ERROR - Schwabot system startup failed: Dashboard component initialization failed
2025-07-03 14:21:47,217 - schwabot_main_launcher - INFO - Stopping Schwabot Main System...
2025-07-03 14:21:47,218 - schwabot_trading_dashboard - INFO - Shutting down Schwabot Trading Dashboard...
2025-07-03 14:21:47,218 - schwabot_trading_dashboard - INFO - Schwabot Trading Dashboard shutdown complete
2025-07-03 14:21:47,219 - schwabot_trading_intelligence - INFO - Shutting down Schwabot Trading Intelligence...
2025-07-03 14:21:47,220 - schwabot_trading_intelligence - INFO - Schwabot Trading Intelligence shutdown complete
2025-07-03 14:21:47,221 - schwabot_main_launcher - INFO - Schwabot Main System stopped
2025-07-03 14:22:25,163 - schwabot_main_launcher - INFO - Starting Schwabot Main System for session schwabot_1751566945...
2025-07-03 14:22:25,164 - schwabot_trading_dashboard - INFO - Initialized Schwabot Trading Dashboard for session schwabot_1751566945
2025-07-03 14:22:25,166 - schwabot_trading_intelligence - INFO - Initialized Schwabot Trading Intelligence for session schwabot_1751566945
2025-07-03 14:22:25,167 - schwabot_trading_dashboard - INFO - Initializing Schwabot Trading Dashboard components...
2025-07-03 14:22:25,171 - schwabot_trading_dashboard - ERROR - Dashboard component initialization failed: coinbase does not have a sandbox URL
2025-07-03 14:22:25,172 - schwabot_main_launcher - ERROR - Schwabot system startup failed: Dashboard component initialization failed
2025-07-03 14:22:25,173 - schwabot_main_launcher - INFO - Stopping Schwabot Main System...
2025-07-03 14:22:25,175 - schwabot_trading_dashboard - INFO - Shutting down Schwabot Trading Dashboard...
2025-07-03 14:22:25,176 - schwabot_trading_dashboard - INFO - Schwabot Trading Dashboard shutdown complete
2025-07-03 14:22:25,178 - schwabot_trading_intelligence - INFO - Shutting down Schwabot Trading Intelligence...
2025-07-03 14:22:25,180 - schwabot_trading_intelligence - INFO - Schwabot Trading Intelligence shutdown complete
2025-07-03 14:22:25,181 - schwabot_main_launcher - INFO - Schwabot Main System stopped
2025-07-03 14:22:25,620 - schwabot_main_launcher - INFO - Starting Schwabot Main System for session schwabot_1751566945...
2025-07-03 14:22:25,622 - schwabot_trading_dashboard - INFO - Initialized Schwabot Trading Dashboard for session schwabot_1751566945
2025-07-03 14:22:25,623 - schwabot_trading_intelligence - INFO - Initialized Schwabot Trading Intelligence for session schwabot_1751566945
2025-07-03 14:22:25,624 - schwabot_trading_dashboard - INFO - Initializing Schwabot Trading Dashboard components...
2025-07-03 14:22:25,627 - schwabot_trading_dashboard - ERROR - Dashboard component initialization failed: coinbase does not have a sandbox URL
2025-07-03 14:22:25,628 - schwabot_main_launcher - ERROR - Schwabot system startup failed: Dashboard component initialization failed
2025-07-03 14:22:25,632 - schwabot_main_launcher - INFO - Stopping Schwabot Main System...
2025-07-03 14:22:25,633 - schwabot_trading_dashboard - INFO - Shutting down Schwabot Trading Dashboard...
2025-07-03 14:22:25,634 - schwabot_trading_dashboard - INFO - Schwabot Trading Dashboard shutdown complete
2025-07-03 14:22:25,634 - schwabot_trading_intelligence - INFO - Shutting down Schwabot Trading Intelligence...
2025-07-03 14:22:25,635 - schwabot_trading_intelligence - INFO - Schwabot Trading Intelligence shutdown complete
2025-07-03 14:22:25,636 - schwabot_main_launcher - INFO - Schwabot Main System stopped
